<?xml version="1.0" encoding="UTF-8"?>
<testsuite xmlns:xsi="http://www.w3.org/2001/XMLSchema-instance" xsi:noNamespaceSchemaLocation="https://maven.apache.org/surefire/maven-surefire-plugin/xsd/surefire-test-report.xsd" name="edu.pingpong.ricksybuisness.AppTest" time="0.171" tests="3" errors="0" skipped="0" failures="0">
  <properties>
[...]
</properties>
  <testcase name="constructor_test" classname="edu.pingpong.ricksybuisness.AppTest" time="0.001"/>
  <testcase name="getOwner_test" classname="edu.pingpong.ricksybuisness.AppTest" time="0"/>
  <testcase name="getNumber" classname="edu.pingpong.ricksybuisness.AppTest" time="0"/>
</testsuite>